[2025-08-31 14:37:06,552] 1025 httpx - INFO - HTTP Request: GET https://dagshub.com/api/v1/user "HTTP/1.1 200 OK"
[2025-08-31 14:37:06,558] 107 dagshub - INFO - Accessing as krishmaniyar
[2025-08-31 14:37:07,057] 1025 httpx - INFO - HTTP Request: GET https://dagshub.com/api/v1/repos/krishmaniyar/Network-Security "HTTP/1.1 200 OK"
[2025-08-31 14:37:07,354] 1025 httpx - INFO - HTTP Request: GET https://dagshub.com/api/v1/user "HTTP/1.1 200 OK"
[2025-08-31 14:37:07,356] 107 dagshub - INFO - Initialized MLflow to track repo "krishmaniyar/Network-Security"
[2025-08-31 14:37:07,357] 107 dagshub - INFO - Repository krishmaniyar/Network-Security initialized!
[2025-08-31 14:37:29,251] 42 root - INFO - Start data Ingestion
[2025-08-31 14:37:29,251] 21 root - INFO - >>>>>>>>>>>>>>>>>>>>>>>>>>>>>>>>>>>>>>>> Data Ingestion <<<<<<<<<<<<<<<<<<<<<<<<<<<<<<<<<<<<<<<<
[2025-08-31 14:37:29,252] 92 root - INFO - Starting data ingestion process
[2025-08-31 14:37:29,364] 41 root - INFO - Connected to MongoDB database: NetworkSecurity, collection: PhishingData
[2025-08-31 14:37:35,858] 43 root - INFO - Exported 11055 records from collection: PhishingData
[2025-08-31 14:37:35,865] 56 root - INFO - Exporting data to feature store at: Artifacts\08312025_14_37_04\data_ingestion\feature_store\PhishingData.csv
[2025-08-31 14:37:35,916] 69 root - INFO - Successfully split data into training and testing sets
[2025-08-31 14:37:35,962] 77 root - INFO - Exported training data to: Artifacts\08312025_14_37_04\data_ingestion\ingested\train.csv
[2025-08-31 14:37:35,962] 78 root - INFO - Exported testing data to: Artifacts\08312025_14_37_04\data_ingestion\ingested\test.csv
[2025-08-31 14:37:35,963] 100 root - INFO - Data Ingestion Artifact: DataIngestionArtifact(train_file_path='Artifacts\\08312025_14_37_04\\data_ingestion\\ingested\\train.csv', test_file_path='Artifacts\\08312025_14_37_04\\data_ingestion\\ingested\\test.csv')
[2025-08-31 14:37:35,963] 45 root - INFO - Data Ingestion completed and artifact: DataIngestionArtifact(train_file_path='Artifacts\\08312025_14_37_04\\data_ingestion\\ingested\\train.csv', test_file_path='Artifacts\\08312025_14_37_04\\data_ingestion\\ingested\\test.csv')
[2025-08-31 14:37:35,981] 55 root - INFO - Initiate the data Validation
[2025-08-31 14:37:35,982] 63 root - INFO - Starting data validation process
[2025-08-31 14:37:36,032] 31 root - INFO - Expected number of columns: 31, Found: 31
[2025-08-31 14:37:36,032] 31 root - INFO - Expected number of columns: 31, Found: 31
[2025-08-31 14:37:36,032] 79 root - INFO - Data validation completed successfully
[2025-08-31 14:37:36,147] 18 root - INFO - >>>>>>>>>>>>>>>>>>>>>>>>>>>>>>>>>>>>>>>>Data Transformation log started.<<<<<<<<<<<<<<<<<<<<<<<<<<<<<<<<<<<<<<<< 
[2025-08-31 14:37:36,147] 44 root - INFO - Reading training and testing data
[2025-08-31 14:37:36,194] 47 root - INFO - Read train and test data completed
[2025-08-31 14:37:36,196] 33 root - INFO - Creating data transformer object
[2025-08-31 14:37:36,198] 60 root - INFO - Preprocessing object created and fit on training data
[2025-08-31 14:37:36,204] 63 root - INFO - Applying preprocessing object on training and testing datasets
[2025-08-31 14:37:36,210] 52 root - INFO - Object saved to Artifacts\08312025_14_37_04\data_transformation\transformed_object\preprocessing.pkl
[2025-08-31 14:37:36,210] 74 root - INFO - Saved transformed training and testing array
[2025-08-31 14:37:36,212] 52 root - INFO - Object saved to final_model/preprocessor.pkl
[2025-08-31 14:40:08,030] 99 root - INFO - Best model found , Model Name: Random Forest , R2 Score :0.9139135664604465
[2025-08-31 14:40:23,339] 52 root - INFO - Object saved to Artifacts\08312025_14_37_04\model_trainer\trained_model\model.pkl
[2025-08-31 14:40:23,497] 52 root - INFO - Object saved to final_model/model.pkl
[2025-08-31 14:40:23,497] 129 root - INFO - Model trainer artifact: ModelTrainerArtifact(trained_model_file_path='Artifacts\\08312025_14_37_04\\model_trainer\\trained_model\\model.pkl', train_metric_artifact=ClassificationMetricArtifact(f1_score=0.9898764932172505, precision_score=0.9878763386542736, recall_score=0.9918847636437411), test_metric_artifact=ClassificationMetricArtifact(f1_score=0.9809485204702068, precision_score=0.976594027441485, recall_score=0.9853420195439739))
