[2025-08-31 10:31:04,342] 1025 httpx - INFO - HTTP Request: GET https://dagshub.com/api/v1/user "HTTP/1.1 200 OK"
[2025-08-31 10:31:04,342] 107 dagshub - INFO - Accessing as krishmaniyar
[2025-08-31 10:31:04,702] 1025 httpx - INFO - HTTP Request: GET https://dagshub.com/api/v1/repos/krishmaniyar/Network-Security "HTTP/1.1 200 OK"
[2025-08-31 10:31:05,006] 1025 httpx - INFO - HTTP Request: GET https://dagshub.com/api/v1/user "HTTP/1.1 200 OK"
[2025-08-31 10:31:05,006] 107 dagshub - INFO - Initialized MLflow to track repo "krishmaniyar/Network-Security"
[2025-08-31 10:31:05,006] 107 dagshub - INFO - Repository krishmaniyar/Network-Security initialized!
[2025-08-31 10:31:39,044] 42 root - INFO - Start data Ingestion
[2025-08-31 10:31:39,044] 21 root - INFO - >>>>>>>>>>>>>>>>>>>>>>>>>>>>>>>>>>>>>>>> Data Ingestion <<<<<<<<<<<<<<<<<<<<<<<<<<<<<<<<<<<<<<<<
[2025-08-31 10:31:39,044] 92 root - INFO - Starting data ingestion process
[2025-08-31 10:31:39,204] 41 root - INFO - Connected to MongoDB database: NetworkSecurity, collection: PhishingData
[2025-08-31 10:31:45,141] 43 root - INFO - Exported 11055 records from collection: PhishingData
[2025-08-31 10:31:45,151] 56 root - INFO - Exporting data to feature store at: Artifacts\08312025_10_31_02\data_ingestion\feature_store\PhishingData.csv
[2025-08-31 10:31:45,194] 69 root - INFO - Successfully split data into training and testing sets
[2025-08-31 10:31:45,234] 77 root - INFO - Exported training data to: Artifacts\08312025_10_31_02\data_ingestion\ingested\train.csv
[2025-08-31 10:31:45,234] 78 root - INFO - Exported testing data to: Artifacts\08312025_10_31_02\data_ingestion\ingested\test.csv
[2025-08-31 10:31:45,234] 100 root - INFO - Data Ingestion Artifact: DataIngestionArtifact(train_file_path='Artifacts\\08312025_10_31_02\\data_ingestion\\ingested\\train.csv', test_file_path='Artifacts\\08312025_10_31_02\\data_ingestion\\ingested\\test.csv')
[2025-08-31 10:31:45,234] 45 root - INFO - Data Ingestion completed and artifact: DataIngestionArtifact(train_file_path='Artifacts\\08312025_10_31_02\\data_ingestion\\ingested\\train.csv', test_file_path='Artifacts\\08312025_10_31_02\\data_ingestion\\ingested\\test.csv')
[2025-08-31 10:31:45,241] 55 root - INFO - Initiate the data Validation
[2025-08-31 10:31:45,241] 63 root - INFO - Starting data validation process
[2025-08-31 10:31:45,284] 31 root - INFO - Expected number of columns: 31, Found: 31
[2025-08-31 10:31:45,284] 31 root - INFO - Expected number of columns: 31, Found: 31
[2025-08-31 10:31:45,284] 79 root - INFO - Data validation completed successfully
[2025-08-31 10:31:45,387] 18 root - INFO - >>>>>>>>>>>>>>>>>>>>>>>>>>>>>>>>>>>>>>>>Data Transformation log started.<<<<<<<<<<<<<<<<<<<<<<<<<<<<<<<<<<<<<<<< 
[2025-08-31 10:31:45,391] 44 root - INFO - Reading training and testing data
[2025-08-31 10:31:45,420] 47 root - INFO - Read train and test data completed
[2025-08-31 10:31:45,420] 33 root - INFO - Creating data transformer object
[2025-08-31 10:31:45,420] 60 root - INFO - Preprocessing object created and fit on training data
[2025-08-31 10:31:45,436] 63 root - INFO - Applying preprocessing object on training and testing datasets
[2025-08-31 10:31:45,436] 52 root - INFO - Object saved to Artifacts\08312025_10_31_02\data_transformation\transformed_object\preprocessing.pkl
[2025-08-31 10:31:45,436] 74 root - INFO - Saved transformed training and testing array
[2025-08-31 10:31:45,436] 52 root - INFO - Object saved to final_model/preprocessor.pkl
[2025-08-31 10:33:58,579] 99 root - INFO - Best model found , Model Name: Random Forest , R2 Score :0.9194084451970137
[2025-08-31 10:34:12,191] 52 root - INFO - Object saved to Artifacts\08312025_10_31_02\model_trainer\trained_model\model.pkl
[2025-08-31 10:34:12,211] 52 root - INFO - Object saved to final_model/model.pkl
[2025-08-31 10:34:12,211] 129 root - INFO - Model trainer artifact: ModelTrainerArtifact(trained_model_file_path='Artifacts\\08312025_10_31_02\\model_trainer\\trained_model\\model.pkl', train_metric_artifact=ClassificationMetricArtifact(f1_score=0.9898785425101214, precision_score=0.987679256715815, recall_score=0.9920876445526476), test_metric_artifact=ClassificationMetricArtifact(f1_score=0.9821717990275527, precision_score=0.9774193548387097, recall_score=0.9869706840390879))
